-------- Plugin Loading Log ------------

Loading from root path: /Applications/Adobe Media Encoder CC 2017/Adobe Media Encoder CC 2017.app/Contents/Plug-ins/en_US/
Scanning for the following file types: *.bundle, *.plugin, *.prmp, *.vst

Scanning /Applications/Adobe Media Encoder CC 2017/Adobe Media Encoder CC 2017.app/Contents/Plug-ins/en_US/ and sub-directories

Loading /Applications/Adobe Media Encoder CC 2017/Adobe Media Encoder CC 2017.app/Contents/Plug-Ins/en_US/VSTPlugins/Chorus1.vst
The registry tells us to cache so the plugin will be loaded from the cache.
Loading from the registry...
The plugin was successfully loaded from the registry.

Loading /Applications/Adobe Media Encoder CC 2017/Adobe Media Encoder CC 2017.app/Contents/Plug-Ins/en_US/VSTPlugins/Chorus2.vst
The registry tells us to cache so the plugin will be loaded from the cache.
Loading from the registry...
The plugin was successfully loaded from the registry.

Loading /Applications/Adobe Media Encoder CC 2017/Adobe Media Encoder CC 2017.app/Contents/Plug-Ins/en_US/VSTPlugins/Chorus6.vst
The registry tells us to cache so the plugin will be loaded from the cache.
Loading from the registry...
The plugin was successfully loaded from the registry.

Loading /Applications/Adobe Media Encoder CC 2017/Adobe Media Encoder CC 2017.app/Contents/Plug-Ins/en_US/VSTPlugins/DeClicker1.vst
The registry tells us to cache so the plugin will be loaded from the cache.
Loading from the registry...
The plugin was successfully loaded from the registry.

Loading /Applications/Adobe Media Encoder CC 2017/Adobe Media Encoder CC 2017.app/Contents/Plug-Ins/en_US/VSTPlugins/DeClicker2.vst
The registry tells us to cache so the plugin will be loaded from the cache.
Loading from the registry...
The plugin was successfully loaded from the registry.

Loading /Applications/Adobe Media Encoder CC 2017/Adobe Media Encoder CC 2017.app/Contents/Plug-Ins/en_US/VSTPlugins/DeClicker6.vst
The registry tells us to cache so the plugin will be loaded from the cache.
Loading from the registry...
The plugin was successfully loaded from the registry.

Loading /Applications/Adobe Media Encoder CC 2017/Adobe Media Encoder CC 2017.app/Contents/Plug-Ins/en_US/VSTPlugins/DeCrackler1.vst
The registry tells us to cache so the plugin will be loaded from the cache.
Loading from the registry...
The plugin was successfully loaded from the registry.

Loading /Applications/Adobe Media Encoder CC 2017/Adobe Media Encoder CC 2017.app/Contents/Plug-Ins/en_US/VSTPlugins/DeCrackler2.vst
The registry tells us to cache so the plugin will be loaded from the cache.
Loading from the registry...
The plugin was successfully loaded from the registry.

Loading /Applications/Adobe Media Encoder CC 2017/Adobe Media Encoder CC 2017.app/Contents/Plug-Ins/en_US/VSTPlugins/DeCrackler6.vst
The registry tells us to cache so the plugin will be loaded from the cache.
Loading from the registry...
The plugin was successfully loaded from the registry.

Loading /Applications/Adobe Media Encoder CC 2017/Adobe Media Encoder CC 2017.app/Contents/Plug-Ins/en_US/VSTPlugins/DeEsser1.vst
The registry tells us to cache so the plugin will be loaded from the cache.
Loading from the registry...
The plugin was successfully loaded from the registry.

Loading /Applications/Adobe Media Encoder CC 2017/Adobe Media Encoder CC 2017.app/Contents/Plug-Ins/en_US/VSTPlugins/DeEsser2.vst
The registry tells us to cache so the plugin will be loaded from the cache.
Loading from the registry...
The plugin was successfully loaded from the registry.

Loading /Applications/Adobe Media Encoder CC 2017/Adobe Media Encoder CC 2017.app/Contents/Plug-Ins/en_US/VSTPlugins/DeEsser6.vst
The registry tells us to cache so the plugin will be loaded from the cache.
Loading from the registry...
The plugin was successfully loaded from the registry.

Loading /Applications/Adobe Media Encoder CC 2017/Adobe Media Encoder CC 2017.app/Contents/Plug-Ins/en_US/VSTPlugins/DeHummer1.vst
The registry tells us to cache so the plugin will be loaded from the cache.
Loading from the registry...
The plugin was successfully loaded from the registry.

Loading /Applications/Adobe Media Encoder CC 2017/Adobe Media Encoder CC 2017.app/Contents/Plug-Ins/en_US/VSTPlugins/DeHummer2.vst
The registry tells us to cache so the plugin will be loaded from the cache.
Loading from the registry...
The plugin was successfully loaded from the registry.

Loading /Applications/Adobe Media Encoder CC 2017/Adobe Media Encoder CC 2017.app/Contents/Plug-Ins/en_US/VSTPlugins/DeHummer6.vst
The registry tells us to cache so the plugin will be loaded from the cache.
Loading from the registry...
The plugin was successfully loaded from the registry.

Loading /Applications/Adobe Media Encoder CC 2017/Adobe Media Encoder CC 2017.app/Contents/Plug-Ins/en_US/VSTPlugins/DeNoiser1.vst
The registry tells us to cache so the plugin will be loaded from the cache.
Loading from the registry...
The plugin was successfully loaded from the registry.

Loading /Applications/Adobe Media Encoder CC 2017/Adobe Media Encoder CC 2017.app/Contents/Plug-Ins/en_US/VSTPlugins/DeNoiser2.vst
The registry tells us to cache so the plugin will be loaded from the cache.
Loading from the registry...
The plugin was successfully loaded from the registry.

Loading /Applications/Adobe Media Encoder CC 2017/Adobe Media Encoder CC 2017.app/Contents/Plug-Ins/en_US/VSTPlugins/DeNoiser6.vst
The registry tells us to cache so the plugin will be loaded from the cache.
Loading from the registry...
The plugin was successfully loaded from the registry.

Loading /Applications/Adobe Media Encoder CC 2017/Adobe Media Encoder CC 2017.app/Contents/Plug-Ins/en_US/VSTPlugins/Dynamics1.vst
The registry tells us to cache so the plugin will be loaded from the cache.
Loading from the registry...
The plugin was successfully loaded from the registry.

Loading /Applications/Adobe Media Encoder CC 2017/Adobe Media Encoder CC 2017.app/Contents/Plug-Ins/en_US/VSTPlugins/Dynamics2.vst
The registry tells us to cache so the plugin will be loaded from the cache.
Loading from the registry...
The plugin was successfully loaded from the registry.

Loading /Applications/Adobe Media Encoder CC 2017/Adobe Media Encoder CC 2017.app/Contents/Plug-Ins/en_US/VSTPlugins/Dynamics6.vst
The registry tells us to cache so the plugin will be loaded from the cache.
Loading from the registry...
The plugin was successfully loaded from the registry.

Loading /Applications/Adobe Media Encoder CC 2017/Adobe Media Encoder CC 2017.app/Contents/Plug-Ins/en_US/VSTPlugins/EQ1.vst
The registry tells us to cache so the plugin will be loaded from the cache.
Loading from the registry...
The plugin was successfully loaded from the registry.

Loading /Applications/Adobe Media Encoder CC 2017/Adobe Media Encoder CC 2017.app/Contents/Plug-Ins/en_US/VSTPlugins/EQ2.vst
The registry tells us to cache so the plugin will be loaded from the cache.
Loading from the registry...
The plugin was successfully loaded from the registry.

Loading /Applications/Adobe Media Encoder CC 2017/Adobe Media Encoder CC 2017.app/Contents/Plug-Ins/en_US/VSTPlugins/EQ6.vst
The registry tells us to cache so the plugin will be loaded from the cache.
Loading from the registry...
The plugin was successfully loaded from the registry.

Loading /Applications/Adobe Media Encoder CC 2017/Adobe Media Encoder CC 2017.app/Contents/Plug-Ins/en_US/VSTPlugins/Flanger1.vst
The registry tells us to cache so the plugin will be loaded from the cache.
Loading from the registry...
The plugin was successfully loaded from the registry.

Loading /Applications/Adobe Media Encoder CC 2017/Adobe Media Encoder CC 2017.app/Contents/Plug-Ins/en_US/VSTPlugins/Flanger2.vst
The registry tells us to cache so the plugin will be loaded from the cache.
Loading from the registry...
The plugin was successfully loaded from the registry.

Loading /Applications/Adobe Media Encoder CC 2017/Adobe Media Encoder CC 2017.app/Contents/Plug-Ins/en_US/VSTPlugins/Flanger6.vst
The registry tells us to cache so the plugin will be loaded from the cache.
Loading from the registry...
The plugin was successfully loaded from the registry.

Loading /Applications/Adobe Media Encoder CC 2017/Adobe Media Encoder CC 2017.app/Contents/Plug-Ins/en_US/VSTPlugins/MultiBand1.vst
The registry tells us to cache so the plugin will be loaded from the cache.
Loading from the registry...
The plugin was successfully loaded from the registry.

Loading /Applications/Adobe Media Encoder CC 2017/Adobe Media Encoder CC 2017.app/Contents/Plug-Ins/en_US/VSTPlugins/MultiBand2.vst
The registry tells us to cache so the plugin will be loaded from the cache.
Loading from the registry...
The plugin was successfully loaded from the registry.

Loading /Applications/Adobe Media Encoder CC 2017/Adobe Media Encoder CC 2017.app/Contents/Plug-Ins/en_US/VSTPlugins/MultiBand6.vst
The registry tells us to cache so the plugin will be loaded from the cache.
Loading from the registry...
The plugin was successfully loaded from the registry.

Loading /Applications/Adobe Media Encoder CC 2017/Adobe Media Encoder CC 2017.app/Contents/Plug-Ins/en_US/VSTPlugins/Phaser1.vst
The registry tells us to cache so the plugin will be loaded from the cache.
Loading from the registry...
The plugin was successfully loaded from the registry.

Loading /Applications/Adobe Media Encoder CC 2017/Adobe Media Encoder CC 2017.app/Contents/Plug-Ins/en_US/VSTPlugins/Phaser2.vst
The registry tells us to cache so the plugin will be loaded from the cache.
Loading from the registry...
The plugin was successfully loaded from the registry.

Loading /Applications/Adobe Media Encoder CC 2017/Adobe Media Encoder CC 2017.app/Contents/Plug-Ins/en_US/VSTPlugins/Phaser6.vst
The registry tells us to cache so the plugin will be loaded from the cache.
Loading from the registry...
The plugin was successfully loaded from the registry.

Loading /Applications/Adobe Media Encoder CC 2017/Adobe Media Encoder CC 2017.app/Contents/Plug-Ins/en_US/VSTPlugins/PitchShifter1.vst
The registry tells us to cache so the plugin will be loaded from the cache.
Loading from the registry...
The plugin was successfully loaded from the registry.

Loading /Applications/Adobe Media Encoder CC 2017/Adobe Media Encoder CC 2017.app/Contents/Plug-Ins/en_US/VSTPlugins/PitchShifter2.vst
The registry tells us to cache so the plugin will be loaded from the cache.
Loading from the registry...
The plugin was successfully loaded from the registry.

Loading /Applications/Adobe Media Encoder CC 2017/Adobe Media Encoder CC 2017.app/Contents/Plug-Ins/en_US/VSTPlugins/PitchShifter6.vst
The registry tells us to cache so the plugin will be loaded from the cache.
Loading from the registry...
The plugin was successfully loaded from the registry.

Loading /Applications/Adobe Media Encoder CC 2017/Adobe Media Encoder CC 2017.app/Contents/Plug-Ins/en_US/VSTPlugins/Reverb1.vst
The registry tells us to cache so the plugin will be loaded from the cache.
Loading from the registry...
The plugin was successfully loaded from the registry.

Loading /Applications/Adobe Media Encoder CC 2017/Adobe Media Encoder CC 2017.app/Contents/Plug-Ins/en_US/VSTPlugins/Reverb2.vst
The registry tells us to cache so the plugin will be loaded from the cache.
Loading from the registry...
The plugin was successfully loaded from the registry.

Loading /Applications/Adobe Media Encoder CC 2017/Adobe Media Encoder CC 2017.app/Contents/Plug-Ins/en_US/VSTPlugins/Reverb6.vst
The registry tells us to cache so the plugin will be loaded from the cache.
Loading from the registry...
The plugin was successfully loaded from the registry.

Loading /Applications/Adobe Media Encoder CC 2017/Adobe Media Encoder CC 2017.app/Contents/Plug-Ins/en_US/VSTPlugins/SpectralNoiseReduction1.vst
The registry tells us to cache so the plugin will be loaded from the cache.
Loading from the registry...
The plugin was successfully loaded from the registry.

Loading /Applications/Adobe Media Encoder CC 2017/Adobe Media Encoder CC 2017.app/Contents/Plug-Ins/en_US/VSTPlugins/SpectralNoiseReduction2.vst
The registry tells us to cache so the plugin will be loaded from the cache.
Loading from the registry...
The plugin was successfully loaded from the registry.

Loading /Applications/Adobe Media Encoder CC 2017/Adobe Media Encoder CC 2017.app/Contents/Plug-Ins/en_US/VSTPlugins/SpectralNoiseReduction6.vst
The registry tells us to cache so the plugin will be loaded from the cache.
Loading from the registry...
The plugin was successfully loaded from the registry.

Loading from root path: /Applications/Adobe Media Encoder CC 2017/Adobe Media Encoder CC 2017.app/Contents/Plug-ins/Common/
Scanning for the following file types: *.bundle, *.plugin, *.prmp, *.vst

Scanning /Applications/Adobe Media Encoder CC 2017/Adobe Media Encoder CC 2017.app/Contents/Plug-ins/Common/ and sub-directories

Loading /Applications/Adobe Media Encoder CC 2017/Adobe Media Encoder CC 2017.app/Contents/Plug-Ins/Common/AEAutoColor.bundle
The registry tells us to cache so the plugin will be loaded from the cache.
Loading from the registry...
The plugin has a PiPL.
The plugin was successfully loaded from the registry.

Loading /Applications/Adobe Media Encoder CC 2017/Adobe Media Encoder CC 2017.app/Contents/Plug-Ins/Common/AEAutoContrast.bundle
The registry tells us to cache so the plugin will be loaded from the cache.
Loading from the registry...
The plugin has a PiPL.
The plugin was successfully loaded from the registry.

Loading /Applications/Adobe Media Encoder CC 2017/Adobe Media Encoder CC 2017.app/Contents/Plug-Ins/Common/AEAutoLevels.bundle
The registry tells us to cache so the plugin will be loaded from the cache.
Loading from the registry...
The plugin has a PiPL.
The plugin was successfully loaded from the registry.

Loading /Applications/Adobe Media Encoder CC 2017/Adobe Media Encoder CC 2017.app/Contents/Plug-Ins/Common/AEFilterAlphaAdjust.bundle
The registry tells us to cache so the plugin will be loaded from the cache.
Loading from the registry...
The plugin has a PiPL.
The plugin was successfully loaded from the registry.

Loading /Applications/Adobe Media Encoder CC 2017/Adobe Media Encoder CC 2017.app/Contents/Plug-Ins/Common/AEFilterClipName.bundle
The registry tells us to cache so the plugin will be loaded from the cache.
Loading from the registry...
The plugin has a PiPL.
The plugin was successfully loaded from the registry.

Loading /Applications/Adobe Media Encoder CC 2017/Adobe Media Encoder CC 2017.app/Contents/Plug-Ins/Common/AEFilterColorFast.bundle
The registry tells us to cache so the plugin will be loaded from the cache.
Loading from the registry...
The plugin has a PiPL.
The plugin was successfully loaded from the registry.

Loading /Applications/Adobe Media Encoder CC 2017/Adobe Media Encoder CC 2017.app/Contents/Plug-Ins/Common/AEFilterColorRGBCorrector.bundle
The registry tells us to cache so the plugin will be loaded from the cache.
Loading from the registry...
The plugin has a PiPL.
The plugin was successfully loaded from the registry.

Loading /Applications/Adobe Media Encoder CC 2017/Adobe Media Encoder CC 2017.app/Contents/Plug-Ins/Common/AEFilterColorThreeWay.bundle
The registry tells us to cache so the plugin will be loaded from the cache.
Loading from the registry...
The plugin has a PiPL.
The plugin was successfully loaded from the registry.

Loading /Applications/Adobe Media Encoder CC 2017/Adobe Media Encoder CC 2017.app/Contents/Plug-Ins/Common/AEFilterCrop.bundle
The registry tells us to cache so the plugin will be loaded from the cache.
Loading from the registry...
The plugin has a PiPL.
The plugin was successfully loaded from the registry.

Loading /Applications/Adobe Media Encoder CC 2017/Adobe Media Encoder CC 2017.app/Contents/Plug-Ins/Common/AEFilterCrossDissolve.bundle
The registry tells us to cache so the plugin will be loaded from the cache.
Loading from the registry...
The plugin has a PiPL.
The plugin was successfully loaded from the registry.

Loading /Applications/Adobe Media Encoder CC 2017/Adobe Media Encoder CC 2017.app/Contents/Plug-Ins/Common/AEFilterGarbageMatte.bundle
The registry tells us to cache so the plugin will be loaded from the cache.
Loading from the registry...
The plugin has a PiPL.
The plugin was successfully loaded from the registry.

Loading /Applications/Adobe Media Encoder CC 2017/Adobe Media Encoder CC 2017.app/Contents/Plug-Ins/Common/AEFilterGarbageMatte16.bundle
The registry tells us to cache so the plugin will be loaded from the cache.
Loading from the registry...
The plugin has a PiPL.
The plugin was successfully loaded from the registry.

Loading /Applications/Adobe Media Encoder CC 2017/Adobe Media Encoder CC 2017.app/Contents/Plug-Ins/Common/AEFilterGarbageMatte8.bundle
The registry tells us to cache so the plugin will be loaded from the cache.
Loading from the registry...
The plugin has a PiPL.
The plugin was successfully loaded from the registry.

Loading /Applications/Adobe Media Encoder CC 2017/Adobe Media Encoder CC 2017.app/Contents/Plug-Ins/Common/AEFilterGaussianBlur.bundle
The registry tells us to cache so the plugin will be loaded from the cache.
Loading from the registry...
The plugin has a PiPL.
The plugin was successfully loaded from the registry.

Loading /Applications/Adobe Media Encoder CC 2017/Adobe Media Encoder CC 2017.app/Contents/Plug-Ins/Common/AEFilterImageMatteKey.bundle
The registry tells us to cache so the plugin will be loaded from the cache.
Loading from the registry...
The plugin has a PiPL.
The plugin was successfully loaded from the registry.

Loading /Applications/Adobe Media Encoder CC 2017/Adobe Media Encoder CC 2017.app/Contents/Plug-Ins/Common/AEFilterLightingEffect.bundle
The registry tells us to cache so the plugin will be loaded from the cache.
Loading from the registry...
The plugin has a PiPL.
The plugin was successfully loaded from the registry.

Loading /Applications/Adobe Media Encoder CC 2017/Adobe Media Encoder CC 2017.app/Contents/Plug-Ins/Common/AEFilterLumaCorrector.bundle
The registry tells us to cache so the plugin will be loaded from the cache.
Loading from the registry...
The plugin has a PiPL.
The plugin was successfully loaded from the registry.

Loading /Applications/Adobe Media Encoder CC 2017/Adobe Media Encoder CC 2017.app/Contents/Plug-Ins/Common/AEFilterLumaCurve.bundle
The registry tells us to cache so the plugin will be loaded from the cache.
Loading from the registry...
The plugin has a PiPL.
The plugin was successfully loaded from the registry.

Loading /Applications/Adobe Media Encoder CC 2017/Adobe Media Encoder CC 2017.app/Contents/Plug-Ins/Common/AEFilterLumaKey.bundle
The registry tells us to cache so the plugin will be loaded from the cache.
Loading from the registry...
The plugin has a PiPL.
The plugin was successfully loaded from the registry.

Loading /Applications/Adobe Media Encoder CC 2017/Adobe Media Encoder CC 2017.app/Contents/Plug-Ins/Common/AEFilterLumetri.bundle
The registry tells us to cache so the plugin will be loaded from the cache.
Loading from the registry...
The plugin has a PiPL.
The plugin was successfully loaded from the registry.
The plugin was successfully loaded from the registry.

Loading /Applications/Adobe Media Encoder CC 2017/Adobe Media Encoder CC 2017.app/Contents/Plug-Ins/Common/AEFilterMask.bundle
The registry tells us to cache so the plugin will be loaded from the cache.
Loading from the registry...
The plugin has a PiPL.
The plugin was successfully loaded from the registry.
The plugin was successfully loaded from the registry.

Loading /Applications/Adobe Media Encoder CC 2017/Adobe Media Encoder CC 2017.app/Contents/Plug-Ins/Common/AEFilterMorphCut.bundle
The registry tells us to cache so the plugin will be loaded from the cache.
Loading from the registry...
The plugin has a PiPL.
The plugin was successfully loaded from the registry.
The plugin was successfully loaded from the registry.

Loading /Applications/Adobe Media Encoder CC 2017/Adobe Media Encoder CC 2017.app/Contents/Plug-Ins/Common/AEFilterNonRedKey.bundle
The registry tells us to cache so the plugin will be loaded from the cache.
Loading from the registry...
The plugin has a PiPL.
The plugin was successfully loaded from the registry.

Loading /Applications/Adobe Media Encoder CC 2017/Adobe Media Encoder CC 2017.app/Contents/Plug-Ins/Common/AEFilterProcAmp.bundle
The registry tells us to cache so the plugin will be loaded from the cache.
Loading from the registry...
The plugin has a PiPL.
The plugin was successfully loaded from the registry.

Loading /Applications/Adobe Media Encoder CC 2017/Adobe Media Encoder CC 2017.app/Contents/Plug-Ins/Common/AEFilterRemoveMatte.bundle
The registry tells us to cache so the plugin will be loaded from the cache.
Loading from the registry...
The plugin has a PiPL.
The plugin was successfully loaded from the registry.

Loading /Applications/Adobe Media Encoder CC 2017/Adobe Media Encoder CC 2017.app/Contents/Plug-Ins/Common/AEFilterRGBCurves.bundle
The registry tells us to cache so the plugin will be loaded from the cache.
Loading from the registry...
The plugin has a PiPL.
The plugin was successfully loaded from the registry.

Loading /Applications/Adobe Media Encoder CC 2017/Adobe Media Encoder CC 2017.app/Contents/Plug-Ins/Common/AEFilterSDRConform.bundle
The registry tells us to cache so the plugin will be loaded from the cache.
Loading from the registry...
The plugin has a PiPL.
The plugin was successfully loaded from the registry.
The plugin was successfully loaded from the registry.

Loading /Applications/Adobe Media Encoder CC 2017/Adobe Media Encoder CC 2017.app/Contents/Plug-Ins/Common/AEFilterText.bundle
The registry tells us to cache so the plugin will be loaded from the cache.
Loading from the registry...
The plugin has a PiPL.
The plugin was successfully loaded from the registry.

Loading /Applications/Adobe Media Encoder CC 2017/Adobe Media Encoder CC 2017.app/Contents/Plug-Ins/Common/AEFilterTimecode.bundle
The registry tells us to cache so the plugin will be loaded from the cache.
Loading from the registry...
The plugin has a PiPL.
The plugin was successfully loaded from the registry.

Loading /Applications/Adobe Media Encoder CC 2017/Adobe Media Encoder CC 2017.app/Contents/Plug-Ins/Common/AEFilterTrackMatteKey.bundle
The registry tells us to cache so the plugin will be loaded from the cache.
Loading from the registry...
The plugin has a PiPL.
The plugin was successfully loaded from the registry.

Loading /Applications/Adobe Media Encoder CC 2017/Adobe Media Encoder CC 2017.app/Contents/Plug-Ins/Common/AEFilterUltraKey.bundle
The registry tells us to cache so the plugin will be loaded from the cache.
Loading from the registry...
The plugin has a PiPL.
The plugin was successfully loaded from the registry.

Loading /Applications/Adobe Media Encoder CC 2017/Adobe Media Encoder CC 2017.app/Contents/Plug-Ins/Common/AEFilterVideoLimiter.bundle
The registry tells us to cache so the plugin will be loaded from the cache.
Loading from the registry...
The plugin has a PiPL.
The plugin was successfully loaded from the registry.

Loading /Applications/Adobe Media Encoder CC 2017/Adobe Media Encoder CC 2017.app/Contents/Plug-Ins/Common/AEShadowHighlight.bundle
The registry tells us to cache so the plugin will be loaded from the cache.
Loading from the registry...
The plugin has a PiPL.
The plugin was successfully loaded from the registry.

Loading /Applications/Adobe Media Encoder CC 2017/Adobe Media Encoder CC 2017.app/Contents/Plug-Ins/Common/Arithmetic.bundle
The registry tells us to cache so the plugin will be loaded from the cache.
Loading from the registry...
The plugin has a PiPL.
The plugin was successfully loaded from the registry.

Loading /Applications/Adobe Media Encoder CC 2017/Adobe Media Encoder CC 2017.app/Contents/Plug-Ins/Common/ARRIRAWSourceSettings.bundle
The registry tells us to cache so the plugin will be loaded from the cache.
Loading from the registry...
The plugin has a PiPL.
The plugin was successfully loaded from the registry.

Loading /Applications/Adobe Media Encoder CC 2017/Adobe Media Encoder CC 2017.app/Contents/Plug-Ins/Common/B-C-2.bundle
The registry tells us to cache so the plugin will be loaded from the cache.
Loading from the registry...
The plugin has a PiPL.
The plugin was successfully loaded from the registry.

Loading /Applications/Adobe Media Encoder CC 2017/Adobe Media Encoder CC 2017.app/Contents/Plug-Ins/Common/Basic_3D.bundle
The registry tells us to cache so the plugin will be loaded from the cache.
Loading from the registry...
The plugin has a PiPL.
The plugin was successfully loaded from the registry.

Loading /Applications/Adobe Media Encoder CC 2017/Adobe Media Encoder CC 2017.app/Contents/Plug-Ins/Common/Bevel_Alpha.bundle
The registry tells us to cache so the plugin will be loaded from the cache.
Loading from the registry...
The plugin has a PiPL.
The plugin was successfully loaded from the registry.

Loading /Applications/Adobe Media Encoder CC 2017/Adobe Media Encoder CC 2017.app/Contents/Plug-Ins/Common/Bevel_Edges.bundle
The registry tells us to cache so the plugin will be loaded from the cache.
Loading from the registry...
The plugin has a PiPL.
The plugin was successfully loaded from the registry.

Loading /Applications/Adobe Media Encoder CC 2017/Adobe Media Encoder CC 2017.app/Contents/Plug-Ins/Common/Blend.bundle
The registry tells us to cache so the plugin will be loaded from the cache.
Loading from the registry...
The plugin has a PiPL.
The plugin was successfully loaded from the registry.

Loading /Applications/Adobe Media Encoder CC 2017/Adobe Media Encoder CC 2017.app/Contents/Plug-Ins/Common/Block_Dissolve.bundle
The registry tells us to cache so the plugin will be loaded from the cache.
Loading from the registry...
The plugin has a PiPL.
The plugin was successfully loaded from the registry.

Loading /Applications/Adobe Media Encoder CC 2017/Adobe Media Encoder CC 2017.app/Contents/Plug-Ins/Common/Broadcast_Colors.bundle
The registry tells us to cache so the plugin will be loaded from the cache.
Loading from the registry...
The plugin has a PiPL.
The plugin was successfully loaded from the registry.

Loading /Applications/Adobe Media Encoder CC 2017/Adobe Media Encoder CC 2017.app/Contents/Plug-Ins/Common/Brush_Strokes.bundle
The registry tells us to cache so the plugin will be loaded from the cache.
Loading from the registry...
The plugin has a PiPL.
The plugin was successfully loaded from the registry.

Loading /Applications/Adobe Media Encoder CC 2017/Adobe Media Encoder CC 2017.app/Contents/Plug-Ins/Common/Calculations.bundle
The registry tells us to cache so the plugin will be loaded from the cache.
Loading from the registry...
The plugin has a PiPL.
The plugin was successfully loaded from the registry.

Loading /Applications/Adobe Media Encoder CC 2017/Adobe Media Encoder CC 2017.app/Contents/Plug-Ins/Common/CellPattern.bundle
The registry tells us to cache so the plugin will be loaded from the cache.
Loading from the registry...
The plugin has a PiPL.
The plugin was successfully loaded from the registry.

Loading /Applications/Adobe Media Encoder CC 2017/Adobe Media Encoder CC 2017.app/Contents/Plug-Ins/Common/Change_Color.bundle
The registry tells us to cache so the plugin will be loaded from the cache.
Loading from the registry...
The plugin has a PiPL.
The plugin was successfully loaded from the registry.

Loading /Applications/Adobe Media Encoder CC 2017/Adobe Media Encoder CC 2017.app/Contents/Plug-Ins/Common/ChangeToColor.bundle
The registry tells us to cache so the plugin will be loaded from the cache.
Loading from the registry...
The plugin has a PiPL.
The plugin was successfully loaded from the registry.

Loading /Applications/Adobe Media Encoder CC 2017/Adobe Media Encoder CC 2017.app/Contents/Plug-Ins/Common/Channel_Blur.bundle
The registry tells us to cache so the plugin will be loaded from the cache.
Loading from the registry...
The plugin has a PiPL.
The plugin was successfully loaded from the registry.

Loading /Applications/Adobe Media Encoder CC 2017/Adobe Media Encoder CC 2017.app/Contents/Plug-Ins/Common/Channel_Mixer.bundle
The registry tells us to cache so the plugin will be loaded from the cache.
Loading from the registry...
The plugin has a PiPL.
The plugin was successfully loaded from the registry.

Loading /Applications/Adobe Media Encoder CC 2017/Adobe Media Encoder CC 2017.app/Contents/Plug-Ins/Common/Checkerboard.bundle
The registry tells us to cache so the plugin will be loaded from the cache.
Loading from the registry...
The plugin has a PiPL.
The plugin was successfully loaded from the registry.

Loading /Applications/Adobe Media Encoder CC 2017/Adobe Media Encoder CC 2017.app/Contents/Plug-Ins/Common/CinemaDNGSourceSettings.bundle
The registry tells us to cache so the plugin will be loaded from the cache.
Loading from the registry...
The plugin has a PiPL.
The plugin was successfully loaded from the registry.

Loading /Applications/Adobe Media Encoder CC 2017/Adobe Media Encoder CC 2017.app/Contents/Plug-Ins/Common/CineonEffect.bundle
The registry tells us to cache so the plugin will be loaded from the cache.
Loading from the registry...
The plugin has a PiPL.
The plugin was successfully loaded from the registry.

Loading /Applications/Adobe Media Encoder CC 2017/Adobe Media Encoder CC 2017.app/Contents/Plug-Ins/Common/Circle.bundle
The registry tells us to cache so the plugin will be loaded from the cache.
Loading from the registry...
The plugin has a PiPL.
The plugin was successfully loaded from the registry.

Loading /Applications/Adobe Media Encoder CC 2017/Adobe Media Encoder CC 2017.app/Contents/Plug-Ins/Common/Color_Balance_2.bundle
The registry tells us to cache so the plugin will be loaded from the cache.
Loading from the registry...
The plugin has a PiPL.
The plugin was successfully loaded from the registry.

Loading /Applications/Adobe Media Encoder CC 2017/Adobe Media Encoder CC 2017.app/Contents/Plug-Ins/Common/Color_Emboss.bundle
The registry tells us to cache so the plugin will be loaded from the cache.
Loading from the registry...
The plugin has a PiPL.
The plugin was successfully loaded from the registry.

Loading /Applications/Adobe Media Encoder CC 2017/Adobe Media Encoder CC 2017.app/Contents/Plug-Ins/Common/Color_HLS.bundle
The registry tells us to cache so the plugin will be loaded from the cache.
Loading from the registry...
The plugin has a PiPL.
The plugin was successfully loaded from the registry.

Loading /Applications/Adobe Media Encoder CC 2017/Adobe Media Encoder CC 2017.app/Contents/Plug-Ins/Common/Color_Key.bundle
The registry tells us to cache so the plugin will be loaded from the cache.
Loading from the registry...
The plugin has a PiPL.
The plugin was successfully loaded from the registry.

Loading /Applications/Adobe Media Encoder CC 2017/Adobe Media Encoder CC 2017.app/Contents/Plug-Ins/Common/ColorsQuad.bundle
The registry tells us to cache so the plugin will be loaded from the cache.
Loading from the registry...
The plugin has a PiPL.
The plugin was successfully loaded from the registry.

Loading /Applications/Adobe Media Encoder CC 2017/Adobe Media Encoder CC 2017.app/Contents/Plug-Ins/Common/Compound_Arith.bundle
The registry tells us to cache so the plugin will be loaded from the cache.
Loading from the registry...
The plugin has a PiPL.
The plugin was successfully loaded from the registry.

Loading /Applications/Adobe Media Encoder CC 2017/Adobe Media Encoder CC 2017.app/Contents/Plug-Ins/Common/Compound_Blur.bundle
The registry tells us to cache so the plugin will be loaded from the cache.
Loading from the registry...
The plugin has a PiPL.
The plugin was successfully loaded from the registry.

Loading /Applications/Adobe Media Encoder CC 2017/Adobe Media Encoder CC 2017.app/Contents/Plug-Ins/Common/Corner_Pin.bundle
The registry tells us to cache so the plugin will be loaded from the cache.
Loading from the registry...
The plugin has a PiPL.
The plugin was successfully loaded from the registry.

Loading /Applications/Adobe Media Encoder CC 2017/Adobe Media Encoder CC 2017.app/Contents/Plug-Ins/Common/Difference.bundle
The registry tells us to cache so the plugin will be loaded from the cache.
Loading from the registry...
The plugin has a PiPL.
The plugin was successfully loaded from the registry.

Loading /Applications/Adobe Media Encoder CC 2017/Adobe Media Encoder CC 2017.app/Contents/Plug-Ins/Common/DirectionalBlur.bundle
The registry tells us to cache so the plugin will be loaded from the cache.
Loading from the registry...
The plugin has a PiPL.
The plugin was successfully loaded from the registry.

Loading /Applications/Adobe Media Encoder CC 2017/Adobe Media Encoder CC 2017.app/Contents/Plug-Ins/Common/DPXSourceSettings.bundle
The registry tells us to cache so the plugin will be loaded from the cache.
Loading from the registry...
The plugin has a PiPL.
The plugin was successfully loaded from the registry.

Loading /Applications/Adobe Media Encoder CC 2017/Adobe Media Encoder CC 2017.app/Contents/Plug-Ins/Common/Drop_Shadow.bundle
The registry tells us to cache so the plugin will be loaded from the cache.
Loading from the registry...
The plugin has a PiPL.
The plugin was successfully loaded from the registry.

Loading /Applications/Adobe Media Encoder CC 2017/Adobe Media Encoder CC 2017.app/Contents/Plug-Ins/Common/Dust.bundle
The registry tells us to cache so the plugin will be loaded from the cache.
Loading from the registry...
The plugin has a PiPL.
The plugin was successfully loaded from the registry.

Loading /Applications/Adobe Media Encoder CC 2017/Adobe Media Encoder CC 2017.app/Contents/Plug-Ins/Common/Echo.bundle
The registry tells us to cache so the plugin will be loaded from the cache.
Loading from the registry...
The plugin has a PiPL.
The plugin was successfully loaded from the registry.

Loading /Applications/Adobe Media Encoder CC 2017/Adobe Media Encoder CC 2017.app/Contents/Plug-Ins/Common/Ellipse.bundle
The registry tells us to cache so the plugin will be loaded from the cache.
Loading from the registry...
The plugin has a PiPL.
The plugin was successfully loaded from the registry.

Loading /Applications/Adobe Media Encoder CC 2017/Adobe Media Encoder CC 2017.app/Contents/Plug-Ins/Common/Emboss.bundle
The registry tells us to cache so the plugin will be loaded from the cache.
Loading from the registry...
The plugin has a PiPL.
The plugin was successfully loaded from the registry.

Loading /Applications/Adobe Media Encoder CC 2017/Adobe Media Encoder CC 2017.app/Contents/Plug-Ins/Common/Equalize.bundle
The registry tells us to cache so the plugin will be loaded from the cache.
Loading from the registry...
The plugin has a PiPL.
The plugin was successfully loaded from the registry.

Loading /Applications/Adobe Media Encoder CC 2017/Adobe Media Encoder CC 2017.app/Contents/Plug-Ins/Common/ExporterAIFF.bundle
The registry tells us to cache so the plugin will be loaded from the cache.
Loading from the registry...
The plugin was successfully loaded from the registry.

Loading /Applications/Adobe Media Encoder CC 2017/Adobe Media Encoder CC 2017.app/Contents/Plug-Ins/Common/ExporterDPX.bundle
The registry tells us to cache so the plugin will be loaded from the cache.
Loading from the registry...
The plugin was successfully loaded from the registry.

Loading /Applications/Adobe Media Encoder CC 2017/Adobe Media Encoder CC 2017.app/Contents/Plug-Ins/Common/ExporterJPEG.bundle
The registry tells us to cache so the plugin will be loaded from the cache.
Loading from the registry...
The plugin was successfully loaded from the registry.

Loading /Applications/Adobe Media Encoder CC 2017/Adobe Media Encoder CC 2017.app/Contents/Plug-Ins/Common/ExporterMP3.bundle
The registry tells us to cache so the plugin will be loaded from the cache.
Loading from the registry...
The plugin was successfully loaded from the registry.

Loading /Applications/Adobe Media Encoder CC 2017/Adobe Media Encoder CC 2017.app/Contents/Plug-Ins/Common/ExporterMPEG2.bundle
The registry tells us to cache so the plugin will be loaded from the cache.
Loading from the registry...
The plugin was successfully loaded from the registry.
The plugin was successfully loaded from the registry.
The plugin was successfully loaded from the registry.

Loading /Applications/Adobe Media Encoder CC 2017/Adobe Media Encoder CC 2017.app/Contents/Plug-Ins/Common/ExporterMPEG4.bundle
The registry tells us to cache so the plugin will be loaded from the cache.
Loading from the registry...
The plugin was successfully loaded from the registry.
The plugin was successfully loaded from the registry.
The plugin was successfully loaded from the registry.
The plugin was successfully loaded from the registry.
The plugin was successfully loaded from the registry.

Loading /Applications/Adobe Media Encoder CC 2017/Adobe Media Encoder CC 2017.app/Contents/Plug-Ins/Common/ExporterMPEGPreview.bundle
The registry tells us to cache so the plugin will be loaded from the cache.
Loading from the registry...
The plugin was successfully loaded from the registry.

Loading /Applications/Adobe Media Encoder CC 2017/Adobe Media Encoder CC 2017.app/Contents/Plug-Ins/Common/ExporterMXF.bundle
The registry tells us to cache so the plugin will be loaded from the cache.
Loading from the registry...
The plugin was successfully loaded from the registry.
The plugin was successfully loaded from the registry.

Loading /Applications/Adobe Media Encoder CC 2017/Adobe Media Encoder CC 2017.app/Contents/Plug-Ins/Common/ExporterP2.bundle
The registry tells us to cache so the plugin will be loaded from the cache.
Loading from the registry...
The plugin was successfully loaded from the registry.

Loading /Applications/Adobe Media Encoder CC 2017/Adobe Media Encoder CC 2017.app/Contents/Plug-Ins/Common/ExporterPNG.bundle
The registry tells us to cache so the plugin will be loaded from the cache.
Loading from the registry...
The plugin was successfully loaded from the registry.

Loading /Applications/Adobe Media Encoder CC 2017/Adobe Media Encoder CC 2017.app/Contents/Plug-Ins/Common/ExporterTarga.bundle
The registry tells us to cache so the plugin will be loaded from the cache.
Loading from the registry...
The plugin was successfully loaded from the registry.

Loading /Applications/Adobe Media Encoder CC 2017/Adobe Media Encoder CC 2017.app/Contents/Plug-Ins/Common/ExporterTIFF.bundle
The registry tells us to cache so the plugin will be loaded from the cache.
Loading from the registry...
The plugin was successfully loaded from the registry.

Loading /Applications/Adobe Media Encoder CC 2017/Adobe Media Encoder CC 2017.app/Contents/Plug-Ins/Common/ExporterXDCAMHD.bundle
The registry tells us to cache so the plugin will be loaded from the cache.
Loading from the registry...
The plugin was successfully loaded from the registry.
The plugin was successfully loaded from the registry.
The plugin was successfully loaded from the registry.

Loading /Applications/Adobe Media Encoder CC 2017/Adobe Media Encoder CC 2017.app/Contents/Plug-Ins/Common/EyedropperFill.bundle
The registry tells us to cache so the plugin will be loaded from the cache.
Loading from the registry...
The plugin has a PiPL.
The plugin was successfully loaded from the registry.

Loading /Applications/Adobe Media Encoder CC 2017/Adobe Media Encoder CC 2017.app/Contents/Plug-Ins/Common/F65SourceSettings.bundle
The registry tells us to cache so the plugin will be loaded from the cache.
Loading from the registry...
The plugin has a PiPL.
The plugin was successfully loaded from the registry.

Loading /Applications/Adobe Media Encoder CC 2017/Adobe Media Encoder CC 2017.app/Contents/Plug-Ins/Common/Fast_Blur.bundle
The registry tells us to cache so the plugin will be loaded from the cache.
Loading from the registry...
The plugin has a PiPL.
The plugin was successfully loaded from the registry.

Loading /Applications/Adobe Media Encoder CC 2017/Adobe Media Encoder CC 2017.app/Contents/Plug-Ins/Common/FCPXProjectConverter.bundle
The registry tells us to cache so the plugin will be loaded from the cache.
Loading from the registry...
The plugin was successfully loaded from the registry.

Loading /Applications/Adobe Media Encoder CC 2017/Adobe Media Encoder CC 2017.app/Contents/Plug-Ins/Common/Find_Edges.bundle
The registry tells us to cache so the plugin will be loaded from the cache.
Loading from the registry...
The plugin has a PiPL.
The plugin was successfully loaded from the registry.

Loading /Applications/Adobe Media Encoder CC 2017/Adobe Media Encoder CC 2017.app/Contents/Plug-Ins/Common/Gradient_Wipe.bundle
The registry tells us to cache so the plugin will be loaded from the cache.
Loading from the registry...
The plugin has a PiPL.
The plugin was successfully loaded from the registry.

Loading /Applications/Adobe Media Encoder CC 2017/Adobe Media Encoder CC 2017.app/Contents/Plug-Ins/Common/Grid.bundle
The registry tells us to cache so the plugin will be loaded from the cache.
Loading from the registry...
The plugin has a PiPL.
The plugin was successfully loaded from the registry.

Loading /Applications/Adobe Media Encoder CC 2017/Adobe Media Encoder CC 2017.app/Contents/Plug-Ins/Common/ImporterAIEPS.bundle
The registry tells us to cache so the plugin will be loaded from the cache.
Loading from the registry...
The plugin was successfully loaded from the registry.

Loading /Applications/Adobe Media Encoder CC 2017/Adobe Media Encoder CC 2017.app/Contents/Plug-Ins/Common/ImporterAiff.bundle
The registry tells us to cache so the plugin will be loaded from the cache.
Loading from the registry...
The plugin was successfully loaded from the registry.

Loading /Applications/Adobe Media Encoder CC 2017/Adobe Media Encoder CC 2017.app/Contents/Plug-Ins/Common/ImporterARRIRAW.bundle
The registry tells us to cache so the plugin will be loaded from the cache.
Loading from the registry...
The plugin was successfully loaded from the registry.

Loading /Applications/Adobe Media Encoder CC 2017/Adobe Media Encoder CC 2017.app/Contents/Plug-Ins/Common/ImporterASND.bundle
The registry tells us to cache so the plugin will be loaded from the cache.
Loading from the registry...
The plugin was successfully loaded from the registry.

Loading /Applications/Adobe Media Encoder CC 2017/Adobe Media Encoder CC 2017.app/Contents/Plug-Ins/Common/ImporterBarsAndTone.bundle
The registry tells us to cache so the plugin will be loaded from the cache.
Loading from the registry...
The plugin has a PiPL.
The plugin was successfully loaded from the registry.

Loading /Applications/Adobe Media Encoder CC 2017/Adobe Media Encoder CC 2017.app/Contents/Plug-Ins/Common/ImporterBlackMatte.bundle
The registry tells us to cache so the plugin will be loaded from the cache.
Loading from the registry...
The plugin has a PiPL.
The plugin was successfully loaded from the registry.

Loading /Applications/Adobe Media Encoder CC 2017/Adobe Media Encoder CC 2017.app/Contents/Plug-Ins/Common/ImporterCaptioning.bundle
The registry tells us to cache so the plugin will be loaded from the cache.
Loading from the registry...
The plugin has a PiPL.
The plugin was successfully loaded from the registry.

Loading /Applications/Adobe Media Encoder CC 2017/Adobe Media Encoder CC 2017.app/Contents/Plug-Ins/Common/ImporterColorMatte.bundle
The registry tells us to cache so the plugin will be loaded from the cache.
Loading from the registry...
The plugin has a PiPL.
The plugin was successfully loaded from the registry.

Loading /Applications/Adobe Media Encoder CC 2017/Adobe Media Encoder CC 2017.app/Contents/Plug-Ins/Common/ImporterDPX.bundle
The registry tells us to cache so the plugin will be loaded from the cache.
Loading from the registry...
The plugin was successfully loaded from the registry.

Loading /Applications/Adobe Media Encoder CC 2017/Adobe Media Encoder CC 2017.app/Contents/Plug-Ins/Common/ImporterF65.bundle
The registry tells us to cache so the plugin will be loaded from the cache.
Loading from the registry...
The plugin has a PiPL.
The plugin was successfully loaded from the registry.

Loading /Applications/Adobe Media Encoder CC 2017/Adobe Media Encoder CC 2017.app/Contents/Plug-Ins/Common/ImporterFastMPEG.bundle
The registry tells us to cache so the plugin will be loaded from the cache.
Loading from the registry...
The plugin was successfully loaded from the registry.

Loading /Applications/Adobe Media Encoder CC 2017/Adobe Media Encoder CC 2017.app/Contents/Plug-Ins/Common/ImporterFLV.bundle
The registry tells us to cache so the plugin will be loaded from the cache.
Loading from the registry...
The plugin was successfully loaded from the registry.

Loading /Applications/Adobe Media Encoder CC 2017/Adobe Media Encoder CC 2017.app/Contents/Plug-Ins/Common/ImporterGraphics.bundle
The registry tells us to cache so the plugin will be loaded from the cache.
Loading from the registry...
The plugin has a PiPL.
The plugin was successfully loaded from the registry.

Loading /Applications/Adobe Media Encoder CC 2017/Adobe Media Encoder CC 2017.app/Contents/Plug-Ins/Common/ImporterHDBarsAndTone.bundle
The registry tells us to cache so the plugin will be loaded from the cache.
Loading from the registry...
The plugin has a PiPL.
The plugin was successfully loaded from the registry.

Loading /Applications/Adobe Media Encoder CC 2017/Adobe Media Encoder CC 2017.app/Contents/Plug-Ins/Common/ImporterJPEG.bundle
The registry tells us to cache so the plugin will be loaded from the cache.
Loading from the registry...
The plugin was successfully loaded from the registry.

Loading /Applications/Adobe Media Encoder CC 2017/Adobe Media Encoder CC 2017.app/Contents/Plug-Ins/Common/ImporterLeader.bundle
The registry tells us to cache so the plugin will be loaded from the cache.
Loading from the registry...
The plugin has a PiPL.
The plugin was successfully loaded from the registry.

Loading /Applications/Adobe Media Encoder CC 2017/Adobe Media Encoder CC 2017.app/Contents/Plug-Ins/Common/ImporterLumetri.bundle
The registry tells us to cache so the plugin will be loaded from the cache.
Loading from the registry...
The plugin was successfully loaded from the registry.

Loading /Applications/Adobe Media Encoder CC 2017/Adobe Media Encoder CC 2017.app/Contents/Plug-Ins/Common/ImporterMP3.bundle
The registry tells us to cache so the plugin will be loaded from the cache.
Loading from the registry...
The plugin was successfully loaded from the registry.

Loading /Applications/Adobe Media Encoder CC 2017/Adobe Media Encoder CC 2017.app/Contents/Plug-Ins/Common/ImporterMPEG.bundle
The registry tells us to cache so the plugin will be loaded from the cache.
Loading from the registry...
The plugin was successfully loaded from the registry.

Loading /Applications/Adobe Media Encoder CC 2017/Adobe Media Encoder CC 2017.app/Contents/Plug-Ins/Common/ImporterMXF.bundle
The registry tells us to cache so the plugin will be loaded from the cache.
Loading from the registry...
The plugin was successfully loaded from the registry.

Loading /Applications/Adobe Media Encoder CC 2017/Adobe Media Encoder CC 2017.app/Contents/Plug-Ins/Common/ImporterPhotoshopProxy.bundle
The registry tells us to cache so the plugin will be loaded from the cache.
Loading from the registry...
The plugin was successfully loaded from the registry.

Loading /Applications/Adobe Media Encoder CC 2017/Adobe Media Encoder CC 2017.app/Contents/Plug-Ins/Common/ImporterPNG.bundle
The registry tells us to cache so the plugin will be loaded from the cache.
Loading from the registry...
The plugin was successfully loaded from the registry.

Loading /Applications/Adobe Media Encoder CC 2017/Adobe Media Encoder CC 2017.app/Contents/Plug-Ins/Common/ImporterRED.bundle
The registry tells us to cache so the plugin will be loaded from the cache.
Loading from the registry...
The plugin has a PiPL.
The plugin was successfully loaded from the registry.

Loading /Applications/Adobe Media Encoder CC 2017/Adobe Media Encoder CC 2017.app/Contents/Plug-Ins/Common/ImporterTarga.bundle
The registry tells us to cache so the plugin will be loaded from the cache.
Loading from the registry...
The plugin was successfully loaded from the registry.

Loading /Applications/Adobe Media Encoder CC 2017/Adobe Media Encoder CC 2017.app/Contents/Plug-Ins/Common/ImporterTiff.bundle
The registry tells us to cache so the plugin will be loaded from the cache.
Loading from the registry...
The plugin was successfully loaded from the registry.

Loading /Applications/Adobe Media Encoder CC 2017/Adobe Media Encoder CC 2017.app/Contents/Plug-Ins/Common/ImporterTransparentMatte.bundle
The registry tells us to cache so the plugin will be loaded from the cache.
Loading from the registry...
The plugin has a PiPL.
The plugin was successfully loaded from the registry.

Loading /Applications/Adobe Media Encoder CC 2017/Adobe Media Encoder CC 2017.app/Contents/Plug-Ins/Common/ImporterWave.bundle
The registry tells us to cache so the plugin will be loaded from the cache.
Loading from the registry...
The plugin was successfully loaded from the registry.

Loading /Applications/Adobe Media Encoder CC 2017/Adobe Media Encoder CC 2017.app/Contents/Plug-Ins/Common/ImporterXDCAMEX.bundle
The registry tells us to cache so the plugin will be loaded from the cache.
Loading from the registry...
The plugin was successfully loaded from the registry.

Loading /Applications/Adobe Media Encoder CC 2017/Adobe Media Encoder CC 2017.app/Contents/Plug-Ins/Common/Invert.bundle
The registry tells us to cache so the plugin will be loaded from the cache.
Loading from the registry...
The plugin has a PiPL.
The plugin was successfully loaded from the registry.

Loading /Applications/Adobe Media Encoder CC 2017/Adobe Media Encoder CC 2017.app/Contents/Plug-Ins/Common/Leave_Color.bundle
The registry tells us to cache so the plugin will be loaded from the cache.
Loading from the registry...
The plugin has a PiPL.
The plugin was successfully loaded from the registry.

Loading /Applications/Adobe Media Encoder CC 2017/Adobe Media Encoder CC 2017.app/Contents/Plug-Ins/Common/Lens_Flare.bundle
The registry tells us to cache so the plugin will be loaded from the cache.
Loading from the registry...
The plugin has a PiPL.
The plugin was successfully loaded from the registry.

Loading /Applications/Adobe Media Encoder CC 2017/Adobe Media Encoder CC 2017.app/Contents/Plug-Ins/Common/Lightning.bundle
The registry tells us to cache so the plugin will be loaded from the cache.
Loading from the registry...
The plugin has a PiPL.
The plugin was successfully loaded from the registry.

Loading /Applications/Adobe Media Encoder CC 2017/Adobe Media Encoder CC 2017.app/Contents/Plug-Ins/Common/Linear_Wipe.bundle
The registry tells us to cache so the plugin will be loaded from the cache.
Loading from the registry...
The plugin has a PiPL.
The plugin was successfully loaded from the registry.

Loading /Applications/Adobe Media Encoder CC 2017/Adobe Media Encoder CC 2017.app/Contents/Plug-Ins/Common/Magnify.bundle
The registry tells us to cache so the plugin will be loaded from the cache.
Loading from the registry...
The plugin has a PiPL.
The plugin was successfully loaded from the registry.

Loading /Applications/Adobe Media Encoder CC 2017/Adobe Media Encoder CC 2017.app/Contents/Plug-Ins/Common/Median.bundle
The registry tells us to cache so the plugin will be loaded from the cache.
Loading from the registry...
The plugin has a PiPL.
The plugin was successfully loaded from the registry.

Loading /Applications/Adobe Media Encoder CC 2017/Adobe Media Encoder CC 2017.app/Contents/Plug-Ins/Common/Mirror.bundle
The registry tells us to cache so the plugin will be loaded from the cache.
Loading from the registry...
The plugin has a PiPL.
The plugin was successfully loaded from the registry.

Loading /Applications/Adobe Media Encoder CC 2017/Adobe Media Encoder CC 2017.app/Contents/Plug-Ins/Common/Mosaic.bundle
The registry tells us to cache so the plugin will be loaded from the cache.
Loading from the registry...
The plugin has a PiPL.
The plugin was successfully loaded from the registry.

Loading /Applications/Adobe Media Encoder CC 2017/Adobe Media Encoder CC 2017.app/Contents/Plug-Ins/Common/Motion.bundle
The registry tells us to cache so the plugin will be loaded from the cache.
Loading from the registry...
The plugin has a PiPL.
The plugin was successfully loaded from the registry.

Loading /Applications/Adobe Media Encoder CC 2017/Adobe Media Encoder CC 2017.app/Contents/Plug-Ins/Common/Noise.bundle
The registry tells us to cache so the plugin will be loaded from the cache.
Loading from the registry...
The plugin has a PiPL.
The plugin was successfully loaded from the registry.

Loading /Applications/Adobe Media Encoder CC 2017/Adobe Media Encoder CC 2017.app/Contents/Plug-Ins/Common/NoiseAlpha.bundle
The registry tells us to cache so the plugin will be loaded from the cache.
Loading from the registry...
The plugin has a PiPL.
The plugin was successfully loaded from the registry.

Loading /Applications/Adobe Media Encoder CC 2017/Adobe Media Encoder CC 2017.app/Contents/Plug-Ins/Common/NoiseHLS.bundle
The registry tells us to cache so the plugin will be loaded from the cache.
Loading from the registry...
The plugin has a PiPL.
The plugin was successfully loaded from the registry.

Loading /Applications/Adobe Media Encoder CC 2017/Adobe Media Encoder CC 2017.app/Contents/Plug-Ins/Common/NoiseHLSAuto.bundle
The registry tells us to cache so the plugin will be loaded from the cache.
Loading from the registry...
The plugin has a PiPL.
The plugin was successfully loaded from the registry.

Loading /Applications/Adobe Media Encoder CC 2017/Adobe Media Encoder CC 2017.app/Contents/Plug-Ins/Common/Offset.bundle
The registry tells us to cache so the plugin will be loaded from the cache.
Loading from the registry...
The plugin has a PiPL.
The plugin was successfully loaded from the registry.

Loading /Applications/Adobe Media Encoder CC 2017/Adobe Media Encoder CC 2017.app/Contents/Plug-Ins/Common/Opacity.bundle
The registry tells us to cache so the plugin will be loaded from the cache.
Loading from the registry...
The plugin has a PiPL.
The plugin was successfully loaded from the registry.

Loading /Applications/Adobe Media Encoder CC 2017/Adobe Media Encoder CC 2017.app/Contents/Plug-Ins/Common/OpenEXR Premiere.bundle
The registry tells us not to cache so the plugin will be loaded from disk.
Loading from disk...
This plugin was recognized by loader d3092dcf-904a-4a97-b4ca-66aed7540d57.
This plugin was recognized by loader ba1058cd-0007-44e4-bf1a-0ef51307b979.

Loading /Applications/Adobe Media Encoder CC 2017/Adobe Media Encoder CC 2017.app/Contents/Plug-Ins/Common/PaintBucket.bundle
The registry tells us to cache so the plugin will be loaded from the cache.
Loading from the registry...
The plugin has a PiPL.
The plugin was successfully loaded from the registry.

Loading /Applications/Adobe Media Encoder CC 2017/Adobe Media Encoder CC 2017.app/Contents/Plug-Ins/Common/PlayerMediaCore.bundle
The registry tells us not to cache so the plugin will be loaded from disk.
Loading from disk...
This plugin was recognized by loader c9936cb9-1979-48c8-bf22-dbe0ec323274.
This plugin was recognized by loader 1b5bc335-92e5-4479-bd38-d18bedec69b2.
This plugin was recognized by loader 1b5bc335-92e5-4479-bd38-d18bedec69b2.

Loading /Applications/Adobe Media Encoder CC 2017/Adobe Media Encoder CC 2017.app/Contents/Plug-Ins/Common/Posterize.bundle
The registry tells us to cache so the plugin will be loaded from the cache.
Loading from the registry...
The plugin has a PiPL.
The plugin was successfully loaded from the registry.

Loading /Applications/Adobe Media Encoder CC 2017/Adobe Media Encoder CC 2017.app/Contents/Plug-Ins/Common/Posterize_Time.bundle
The registry tells us to cache so the plugin will be loaded from the cache.
Loading from the registry...
The plugin has a PiPL.
The plugin was successfully loaded from the registry.

Loading /Applications/Adobe Media Encoder CC 2017/Adobe Media Encoder CC 2017.app/Contents/Plug-Ins/Common/PremiereFiltersMetaPlugin.prmp

Loading /Applications/Adobe Media Encoder CC 2017/Adobe Media Encoder CC 2017.app/Contents/Plug-Ins/Common/Radial_Wipe.bundle
The registry tells us to cache so the plugin will be loaded from the cache.
Loading from the registry...
The plugin has a PiPL.
The plugin was successfully loaded from the registry.

Loading /Applications/Adobe Media Encoder CC 2017/Adobe Media Encoder CC 2017.app/Contents/Plug-Ins/Common/RadialShadow.bundle
The registry tells us to cache so the plugin will be loaded from the cache.
Loading from the registry...
The plugin has a PiPL.
The plugin was successfully loaded from the registry.

Loading /Applications/Adobe Media Encoder CC 2017/Adobe Media Encoder CC 2017.app/Contents/Plug-Ins/Common/Ramp.bundle
The registry tells us to cache so the plugin will be loaded from the cache.
Loading from the registry...
The plugin has a PiPL.
The plugin was successfully loaded from the registry.

Loading /Applications/Adobe Media Encoder CC 2017/Adobe Media Encoder CC 2017.app/Contents/Plug-Ins/Common/REDSourceSettings.bundle
The registry tells us to cache so the plugin will be loaded from the cache.
Loading from the registry...
The plugin has a PiPL.
The plugin was successfully loaded from the registry.

Loading /Applications/Adobe Media Encoder CC 2017/Adobe Media Encoder CC 2017.app/Contents/Plug-Ins/Common/RollingShutter.bundle
The registry tells us to cache so the plugin will be loaded from the cache.
Loading from the registry...
The plugin has a PiPL.
The plugin was successfully loaded from the registry.

Loading /Applications/Adobe Media Encoder CC 2017/Adobe Media Encoder CC 2017.app/Contents/Plug-Ins/Common/RoughenEdges.bundle
The registry tells us to cache so the plugin will be loaded from the cache.
Loading from the registry...
The plugin has a PiPL.
The plugin was successfully loaded from the registry.

Loading /Applications/Adobe Media Encoder CC 2017/Adobe Media Encoder CC 2017.app/Contents/Plug-Ins/Common/Set_Matte.bundle
The registry tells us to cache so the plugin will be loaded from the cache.
Loading from the registry...
The plugin has a PiPL.
The plugin was successfully loaded from the registry.

Loading /Applications/Adobe Media Encoder CC 2017/Adobe Media Encoder CC 2017.app/Contents/Plug-Ins/Common/Sharpen.bundle
The registry tells us to cache so the plugin will be loaded from the cache.
Loading from the registry...
The plugin has a PiPL.
The plugin was successfully loaded from the registry.

Loading /Applications/Adobe Media Encoder CC 2017/Adobe Media Encoder CC 2017.app/Contents/Plug-Ins/Common/SolidComposite.bundle
The registry tells us to cache so the plugin will be loaded from the cache.
Loading from the registry...
The plugin has a PiPL.
The plugin was successfully loaded from the registry.

Loading /Applications/Adobe Media Encoder CC 2017/Adobe Media Encoder CC 2017.app/Contents/Plug-Ins/Common/Spherize.bundle
The registry tells us to cache so the plugin will be loaded from the cache.
Loading from the registry...
The plugin has a PiPL.
The plugin was successfully loaded from the registry.

Loading /Applications/Adobe Media Encoder CC 2017/Adobe Media Encoder CC 2017.app/Contents/Plug-Ins/Common/Stabilizer.bundle
The registry tells us to cache so the plugin will be loaded from the cache.
Loading from the registry...
The plugin has a PiPL.
The plugin was successfully loaded from the registry.

Loading /Applications/Adobe Media Encoder CC 2017/Adobe Media Encoder CC 2017.app/Contents/Plug-Ins/Common/Strobe_Light.bundle
The registry tells us to cache so the plugin will be loaded from the cache.
Loading from the registry...
The plugin has a PiPL.
The plugin was successfully loaded from the registry.

Loading /Applications/Adobe Media Encoder CC 2017/Adobe Media Encoder CC 2017.app/Contents/Plug-Ins/Common/Texturize.bundle
The registry tells us to cache so the plugin will be loaded from the cache.
Loading from the registry...
The plugin has a PiPL.
The plugin was successfully loaded from the registry.

Loading /Applications/Adobe Media Encoder CC 2017/Adobe Media Encoder CC 2017.app/Contents/Plug-Ins/Common/Threshold.bundle
The registry tells us to cache so the plugin will be loaded from the cache.
Loading from the registry...
The plugin has a PiPL.
The plugin was successfully loaded from the registry.

Loading /Applications/Adobe Media Encoder CC 2017/Adobe Media Encoder CC 2017.app/Contents/Plug-Ins/Common/Tint.bundle
The registry tells us to cache so the plugin will be loaded from the cache.
Loading from the registry...
The plugin has a PiPL.
The plugin was successfully loaded from the registry.

Loading /Applications/Adobe Media Encoder CC 2017/Adobe Media Encoder CC 2017.app/Contents/Plug-Ins/Common/Transform.bundle
The registry tells us to cache so the plugin will be loaded from the cache.
Loading from the registry...
The plugin has a PiPL.
The plugin was successfully loaded from the registry.

Loading /Applications/Adobe Media Encoder CC 2017/Adobe Media Encoder CC 2017.app/Contents/Plug-Ins/Common/TransitionsMetaPlugin.prmp

Loading /Applications/Adobe Media Encoder CC 2017/Adobe Media Encoder CC 2017.app/Contents/Plug-Ins/Common/TurbulentDisplace.bundle
The registry tells us to cache so the plugin will be loaded from the cache.
Loading from the registry...
The plugin has a PiPL.
The plugin was successfully loaded from the registry.

Loading /Applications/Adobe Media Encoder CC 2017/Adobe Media Encoder CC 2017.app/Contents/Plug-Ins/Common/Twirl.bundle
The registry tells us to cache so the plugin will be loaded from the cache.
Loading from the registry...
The plugin has a PiPL.
The plugin was successfully loaded from the registry.

Loading /Applications/Adobe Media Encoder CC 2017/Adobe Media Encoder CC 2017.app/Contents/Plug-Ins/Common/Unsharp_Mask.bundle
The registry tells us to cache so the plugin will be loaded from the cache.
Loading from the registry...
The plugin has a PiPL.
The plugin was successfully loaded from the registry.

Loading /Applications/Adobe Media Encoder CC 2017/Adobe Media Encoder CC 2017.app/Contents/Plug-Ins/Common/Venetian_Blinds.bundle
The registry tells us to cache so the plugin will be loaded from the cache.
Loading from the registry...
The plugin has a PiPL.
The plugin was successfully loaded from the registry.

Loading /Applications/Adobe Media Encoder CC 2017/Adobe Media Encoder CC 2017.app/Contents/Plug-Ins/Common/VST3/AnalogDelay.vst3/Contents/Resources/AnalogDelayCore.bundle
The registry tells us to cache so the plugin will be loaded from the cache.
The plugin is marked as Ignore, so it will not be loaded.

Loading /Applications/Adobe Media Encoder CC 2017/Adobe Media Encoder CC 2017.app/Contents/Plug-Ins/Common/VST3/ChorusFlanger.vst3/Contents/Resources/ChorusFlangerCore.bundle
The registry tells us to cache so the plugin will be loaded from the cache.
The plugin is marked as Ignore, so it will not be loaded.

Loading /Applications/Adobe Media Encoder CC 2017/Adobe Media Encoder CC 2017.app/Contents/Plug-Ins/Common/VST3/ConvolutionReverb.vst3/Contents/Resources/ConvolutionReverbCore.bundle
The registry tells us to cache so the plugin will be loaded from the cache.
The plugin is marked as Ignore, so it will not be loaded.

Loading /Applications/Adobe Media Encoder CC 2017/Adobe Media Encoder CC 2017.app/Contents/Plug-Ins/Common/VST3/DeEsser.vst3/Contents/Resources/DeEsserCore.bundle
The registry tells us to cache so the plugin will be loaded from the cache.
The plugin is marked as Ignore, so it will not be loaded.

Loading /Applications/Adobe Media Encoder CC 2017/Adobe Media Encoder CC 2017.app/Contents/Plug-Ins/Common/VST3/Distortion.vst3/Contents/Resources/DistortionCore.bundle
The registry tells us to cache so the plugin will be loaded from the cache.
The plugin is marked as Ignore, so it will not be loaded.

Loading /Applications/Adobe Media Encoder CC 2017/Adobe Media Encoder CC 2017.app/Contents/Plug-Ins/Common/VST3/GuitarSuite.vst3/Contents/Resources/GuitarSuiteCore.bundle
The registry tells us to cache so the plugin will be loaded from the cache.
The plugin is marked as Ignore, so it will not be loaded.

Loading /Applications/Adobe Media Encoder CC 2017/Adobe Media Encoder CC 2017.app/Contents/Plug-Ins/Common/VST3/Phaser.vst3/Contents/Resources/PhaserCore.bundle
The registry tells us to cache so the plugin will be loaded from the cache.
The plugin is marked as Ignore, so it will not be loaded.

Loading /Applications/Adobe Media Encoder CC 2017/Adobe Media Encoder CC 2017.app/Contents/Plug-Ins/Common/VST3/SimpleMastering.vst3/Contents/Resources/SimpleMasteringCore.bundle
The registry tells us to cache so the plugin will be loaded from the cache.
The plugin is marked as Ignore, so it will not be loaded.

Loading /Applications/Adobe Media Encoder CC 2017/Adobe Media Encoder CC 2017.app/Contents/Plug-Ins/Common/VST3/SurroundReverb.vst3/Contents/Resources/SurroundReverbCore.bundle
The registry tells us to cache so the plugin will be loaded from the cache.
The plugin is marked as Ignore, so it will not be loaded.

Loading /Applications/Adobe Media Encoder CC 2017/Adobe Media Encoder CC 2017.app/Contents/Plug-Ins/Common/VST3/VocalEnhancer.vst3/Contents/Resources/VocalEnhancerCore.bundle
The registry tells us to cache so the plugin will be loaded from the cache.
The plugin is marked as Ignore, so it will not be loaded.

Loading /Applications/Adobe Media Encoder CC 2017/Adobe Media Encoder CC 2017.app/Contents/Plug-Ins/Common/Wave_Warp.bundle
The registry tells us to cache so the plugin will be loaded from the cache.
Loading from the registry...
The plugin has a PiPL.
The plugin was successfully loaded from the registry.

Loading /Applications/Adobe Media Encoder CC 2017/Adobe Media Encoder CC 2017.app/Contents/Plug-Ins/Common/wraptor.bundle
The registry tells us not to cache so the plugin will be loaded from disk.
Loading from disk...
This plugin was recognized by loader d3092dcf-904a-4a97-b4ca-66aed7540d57.

Loading /Applications/Adobe Media Encoder CC 2017/Adobe Media Encoder CC 2017.app/Contents/Plug-Ins/Common/Write_on.bundle
The registry tells us to cache so the plugin will be loaded from the cache.
Loading from the registry...
The plugin has a PiPL.
The plugin was successfully loaded from the registry.

Loading /Applications/Adobe Media Encoder CC 2017/Adobe Media Encoder CC 2017.app/Contents/Plug-Ins/Common/ExporterQuickTimeHost.bundle
The registry tells us not to cache so the plugin will be loaded from disk.
Loading from disk...
This plugin was recognized by loader d3092dcf-904a-4a97-b4ca-66aed7540d57.

Loading /Applications/Adobe Media Encoder CC 2017/Adobe Media Encoder CC 2017.app/Contents/Plug-Ins/Common/ImporterQuickTime.bundle
The registry tells us not to cache so the plugin will be loaded from disk.
Loading from disk...
This plugin was recognized by loader ba1058cd-0007-44e4-bf1a-0ef51307b979.

Loading /Applications/Adobe Media Encoder CC 2017/Adobe Media Encoder CC 2017.app/Contents/Plug-Ins/Common/ExporterCoreAudio.bundle
The registry tells us not to cache so the plugin will be loaded from disk.
Loading from disk...
This plugin was recognized by loader d3092dcf-904a-4a97-b4ca-66aed7540d57.

Loading from root path: /Library/Application Support/Adobe/Common/Plug-ins/7.0/MediaCore
Scanning for the following file types: *.bundle, *.plugin, *.prmp, *.vst

Scanning /Library/Application Support/Adobe/Common/Plug-ins/7.0/MediaCore and sub-directories

